<?xml version="1.0" encoding="UTF-8" ?>
<testsuites>
  <testsuite errors="0" failures="0" hostname="zxm-PC" id="0" name="MyArrayUtils2Test" package="test" skipped="0" tests="1" time="0.73" timestamp="2018-01-05T15:46:55">
      <properties>
[...]
</properties>

      <testcase classname="test.MyArrayUtils2Test" name="testAddIntArrayInt" time="0.02" />

      <system-out><![CDATA[add(int[], int)方法执行成功！
]]></system-out>

      <system-err><![CDATA[]]></system-err>

  </testsuite>
  <testsuite errors="0" failures="0" hostname="zxm-PC" id="1" name="MyArrayUtilsTest" package="test" skipped="0" tests="3" time="0.872" timestamp="2018-01-05T15:46:59">
      <properties>
[...]
</properties>

      <testcase classname="test.MyArrayUtilsTest" name="testRemoveElementTArrayObject" time="0.09" />

      <testcase classname="test.MyArrayUtilsTest" name="testInsertIntIntArrayIntArray" time="0.0" />

      <testcase classname="test.MyArrayUtilsTest" name="testAddIntArrayInt" time="0.0" />

      <system-out><![CDATA[]]></system-out>

      <system-err><![CDATA[]]></system-err>

  </testsuite>
</testsuites>
